<?xml version="1.0" encoding="UTF-8"?>
<!-- Generated by org.testng.reporters.JUnitReportReporter -->
<testsuite skipped="0" hostname="WINDOWS-H6EFL0Q" name="com.inetBanking.testCases.TC_EditCustomerTest_004" tests="1" failures="0" timestamp="2020-12-20T23:31:48 EET" time="14.607" errors="0">
  <testcase name="editCustomer" time="14.607" classname="com.inetBanking.testCases.TC_EditCustomerTest_004"/>
  <system-out/>
</testsuite> <!-- com.inetBanking.testCases.TC_EditCustomerTest_004 -->
