<?xml version="1.0" encoding="UTF-8"?>
<!-- Generated by org.testng.reporters.JUnitReportReporter -->
<testsuite skipped="0" hostname="WINDOWS-H6EFL0Q" name="com.inetBanking.testCases.TC_DeleteCustomerTest_005" tests="1" failures="0" timestamp="2021-01-10T22:44:23 EET" time="8.709" errors="0">
  <testcase name="deleteCustomer" time="8.709" classname="com.inetBanking.testCases.TC_DeleteCustomerTest_005"/>
  <system-out/>
</testsuite> <!-- com.inetBanking.testCases.TC_DeleteCustomerTest_005 -->
