<?xml version="1.0" encoding="UTF-8"?>
<!-- Generated by org.testng.reporters.JUnitReportReporter -->
<testsuite hostname="WINDOWS-H6EFL0Q" failures="0" tests="1" name="com.inetBanking.testCases.TC_LoginTest_001" time="4.770" errors="0" timestamp="2020-11-29T20:30:47 EET" skipped="0">
  <testcase classname="com.inetBanking.testCases.TC_LoginTest_001" name="loginTest" time="4.770"/>
  <system-out/>
</testsuite> <!-- com.inetBanking.testCases.TC_LoginTest_001 -->
