<?xml version="1.0" encoding="UTF-8"?>
<!-- Generated by org.testng.reporters.JUnitReportReporter -->
<testsuite skipped="0" hostname="WINDOWS-H6EFL0Q" name="com.inetBanking.testCases.TC_NewCustomerTest_003" tests="1" failures="0" timestamp="2020-12-10T00:59:14 EET" time="12.547" errors="0">
  <testcase name="createNewCustomer" time="12.547" classname="com.inetBanking.testCases.TC_NewCustomerTest_003"/>
  <system-out/>
</testsuite> <!-- com.inetBanking.testCases.TC_NewCustomerTest_003 -->
