<?xml version="1.0" encoding="UTF-8"?>
<!-- Generated by org.testng.reporters.JUnitReportReporter -->
<testsuite skipped="0" hostname="WINDOWS-H6EFL0Q" name="com.inetBanking.testCases.TC_DeleteCustomerTest_005" tests="1" failures="0" timestamp="2021-01-10T23:44:06 EET" time="11.047" errors="0">
  <testcase name="deleteCustomer" time="11.047" classname="com.inetBanking.testCases.TC_DeleteCustomerTest_005"/>
  <system-out/>
</testsuite> <!-- com.inetBanking.testCases.TC_DeleteCustomerTest_005 -->
